make all --print-data-base --no-builtin-variables --no-builtin-rules --question
# GNU Make 3.81
# Copyright (C) 2006  Free Software Foundation, Inc.
# This is free software; see the source for copying conditions.
# There is NO warranty; not even for MERCHANTABILITY or FITNESS FOR A
# PARTICULAR PURPOSE.

# This program built for i386-apple-darwin11.3.0

# Make data base, printed on Mon Jun  6 14:13:56 2022

# Variables

# automatic
<D = $(patsubst %/,%,$(dir $<))
# environment
RUBY_VERSION = ruby-3.0.0
# automatic
?F = $(notdir $?)
# environment
VSCODE_LOG_NATIVE = false
# automatic
?D = $(patsubst %/,%,$(dir $?))
# environment
CPPFLAGS = -I/usr/local/opt/qt/include
# environment
rvm_path = /Users/sergioramos/.rvm
# automatic
@D = $(patsubst %/,%,$(dir $@))
# automatic
@F = $(notdir $@)
# makefile
CURDIR := /Users/sergioramos/dev/dev-flutter/dart_barcode_generator
# makefile
SHELL = /bin/sh
# environment
VSCODE_NLS_CONFIG = {"locale":"en-us","availableLanguages":{},"_languagePackSupport":true}
# environment
_ = /usr/bin/make
# makefile (from `Makefile', line 17)
DART_BIN = $(FLUTTER)/bin/dart
# makefile (from `Makefile', line 1)
MAKEFILE_LIST :=  Makefile
# environment
VSCODE_VERBOSE_LOGGING = true
# environment
VSCODE_IPC_HOOK_EXTHOST = /var/folders/my/gh35rs6n6l9b9bs5hrs2nr780000gn/T/vscode-ipc-db849172-7af2-4d20-8e80-d64b08387686.sock
# environment
VSCODE_CWD = /
# environment
GOHOME = /usr/local/go
# environment
ANDROID_SDK = /Users/sergioramos/Library/Android/sdk
# environment
PATH = /Users/sergioramos/.rvm/gems/ruby-3.0.0/bin:/Users/sergioramos/.rvm/gems/ruby-3.0.0@global/bin:/Users/sergioramos/.rvm/rubies/ruby-3.0.0/bin:/usr/local/bin:/usr/bin:/bin:/usr/sbin:/sbin:/Applications/VMware Fusion.app/Contents/Public:/usr/local/go/bin:/usr/local/MacGPG2/bin:/usr/local/share/dotnet:~/.dotnet/tools:/Applications/Server.app/Contents/ServerRoot/usr/bin:/Applications/Server.app/Contents/ServerRoot/usr/sbin:/Library/Apple/usr/bin:/Library/Frameworks/Mono.framework/Versions/Current/Commands:/usr/local/git/bin:/Applications/Xamarin Workbooks.app/Contents/SharedSupport/path-bin:/usr/local/sbin:/Users/sergioramos/.cargo/bin:/Users/sergioramos/opt/anaconda3/condabin:/opt/local/bin:/opt/local/sbin:/Library/Frameworks/Python.framework/Versions/3.9/bin:/usr/local/opt/qt/bin:/Users/sergioramos/.platformio/penv/bin:/Users/sergioramos/dev/dev-flutter/flutter/bin:/Users/sergioramos/Library/Android/sdk/tools:/Users/sergioramos/Library/Android/sdk/tools/bin:/Users/sergioramos/Library/Android/sdk/platform-tools:/Library/Frameworks/Python.framework/Versions/3.9/bin:/Users/sergioramos/Library/Android/sdk/tools:/Users/sergioramos/Library/Android/sdk/platform-tools:/Users/sergioramos/Library/Android/ndk:/Users/sergioramos/Projects/GoWork/bin:/Users/sergioramos/.gem/ruby/3.0.0/bin:/usr/local/mysql/bin:/usr/local/apache-maven-3.5.2/bin:/Users/sergioramos/.rvm/bin
# environment
GOPATH = /Users/sergioramos/Projects/GoWork
# environment
VSCODE_LOG_STACK = false
# environment
ELECTRON_RUN_AS_NODE = 1
# environment
LDFLAGS = -L/usr/local/opt/qt/lib
# environment
ANDROID_HOME = /Users/sergioramos/Library/Android/sdk
# default
.FEATURES := target-specific order-only second-expansion else-if archives jobserver check-symlink
# makefile (from `Makefile', line 16)
FLUTTER_BIN = $(FLUTTER)/bin/flutter
# environment
SSH_AUTH_SOCK = /private/tmp/com.apple.launchd.nuAvPfQFBP/Listeners
# automatic
%F = $(notdir $%)
# environment
CONDA_EXE = /Users/sergioramos/opt/anaconda3/bin/conda
# environment
VSCODE_PIPE_LOGGING = true
# environment
ANDROID_NDK = /Users/sergioramos/Library/Android/ndk
# environment
rvm_bin_path = /Users/sergioramos/.rvm/bin
# environment
PWD = /Users/sergioramos/dev/dev-flutter/dart_barcode_generator
# makefile (from `Makefile', line 18)
DART_SRC = $(shell find . -name '*.dart')
# environment
GEM_HOME = /Users/sergioramos/.rvm/gems/ruby-3.0.0
# environment
ORIGINAL_XDG_CURRENT_DESKTOP = undefined
# environment
VSCODE_AMD_ENTRYPOINT = vs/workbench/api/node/extensionHostProcess
# environment
HOME = /Users/sergioramos
# default
MAKEFILEPATH := /Applications/Xcode.app/Contents/Developer/Makefiles
# environment
VSCODE_CODE_CACHE_PATH = /Users/sergioramos/Library/Application Support/Code/CachedData/c3511e6c69bb39013c4a4b7b9566ec1ca73fc4d5
# environment
LOGNAME = sergioramos
# environment
APPLICATION_INSIGHTS_NO_DIAGNOSTIC_CHANNEL = 1
# environment
VSCODE_HANDLES_UNCAUGHT_ERRORS = true
# automatic
^D = $(patsubst %/,%,$(dir $^))
# environment
GEM_PATH = /Users/sergioramos/.rvm/gems/ruby-3.0.0:/Users/sergioramos/.rvm/gems/ruby-3.0.0@global
# environment
XPC_FLAGS = 0x0
# default
MAKE = $(MAKE_COMMAND)
# default
MAKECMDGOALS := all
# environment
IRBRC = /Users/sergioramos/.rvm/rubies/ruby-3.0.0/.irbrc
# environment
SHLVL = 1
# environment
JAVA_HOME = /Library/Java/JavaVirtualMachines/jdk1.8.0_65.jdk/Contents/Home
# default
MAKE_VERSION := 3.81
# environment
USER = sergioramos
# makefile
.DEFAULT_GOAL := all
# environment
rvm_version = 1.29.12 (latest)
# automatic
%D = $(patsubst %/,%,$(dir $%))
# environment
CONDA_SHLVL = 0
# default
MAKE_COMMAND := /Applications/Xcode.app/Contents/Developer/usr/bin/make
# default
.VARIABLES := 
# environment
TMPDIR = /var/folders/my/gh35rs6n6l9b9bs5hrs2nr780000gn/T/
# automatic
*F = $(notdir $*)
# environment
VSCODE_IPC_HOOK = /Users/sergioramos/Library/Application Support/Code/1.67.2-main.sock
# makefile (from `Makefile', line 19)
COV_PORT = 9292
# makefile
MAKEFLAGS = Rrqp
# environment
MFLAGS = -Rrqp
# automatic
*D = $(patsubst %/,%,$(dir $*))
# environment
XPC_SERVICE_NAME = com.microsoft.VSCode.109624
# automatic
+D = $(patsubst %/,%,$(dir $+))
# automatic
+F = $(notdir $+)
# environment
__CF_USER_TEXT_ENCODING = 0x1F5:0x0:0x0
# default
MAKEFILES := 
# automatic
<F = $(notdir $<)
# environment
LC_ALL = C
# environment
CONDA_PYTHON_EXE = /Users/sergioramos/opt/anaconda3/bin/python
# automatic
^F = $(notdir $^)
# environment
rvm_prefix = /Users/sergioramos
# default
SUFFIXES := 
# environment
_CE_M = 
# default
.INCLUDE_DIRS = /usr/local/include
# environment
MAKELEVEL := 0
# environment
LANG = C
# environment
VSCODE_PID = 1265
# environment
MY_RUBY_HOME = /Users/sergioramos/.rvm/rubies/ruby-3.0.0
# makefile (from `Makefile', line 15)
FLUTTER = $(realpath $(dir $(realpath $(dir $(shell which flutter)))))
# environment
_CE_CONDA = 
# variable set hash-table stats:
# Load=87/1024=8%, Rehash=0, Collisions=2/121=2%

# Pattern-specific Variable Values

# No pattern-specific variable values.

# Directories

# . (device 16777224, inode 8977509964): 19 files, no impossibilities.

# 19 files, no impossibilities in 1 directories.

# Implicit Rules

# No implicit rules.

# Files

# Not a target:
barcode/lib/src/itf.dart:
#  Implicit rule search has not been done.
#  Modification time never checked.
#  File has not been updated.

# Not a target:
barcode/lib/src/barcode_types.dart:
#  Implicit rule search has not been done.
#  Modification time never checked.
#  File has not been updated.

image/lib/src/pubspec.dart: image/pubspec.yaml
#  Implicit rule search has not been done.
#  Last modified 2022-06-06 13:09:11
#  File has been updated.
#  Successfully updated.
# variable set hash-table stats:
# Load=0/32=0%, Rehash=0, Collisions=0/0=0%
#  commands to execute (from `Makefile', line 109):
	cd image; $(DART_BIN) run pubspec_extract -s "../$<" -d "../$@"
	

# Not a target:
barcode/lib/src/aztec.dart:
#  Implicit rule search has not been done.
#  Modification time never checked.
#  File has not been updated.

.coverage:
#  Implicit rule search has not been done.
#  Modification time never checked.
#  File has not been updated.
#  commands to execute (from `Makefile', line 29):
	which coverage || $(DART_BIN) pub global activate coverage
	touch $@
	

# Not a target:
demo/lib/download.dart:
#  Implicit rule search has not been done.
#  Modification time never checked.
#  File has not been updated.

# Not a target:
image/pubspec.yaml:
#  Implicit rule search has been done.
#  Last modified 2022-06-06 13:09:11
#  File has been updated.
#  Successfully updated.
# variable set hash-table stats:
# Load=0/32=0%, Rehash=0, Collisions=0/0=0%

# Not a target:
barcode/lib/src/barcode_1d.dart:
 
#  Implicit rule search has not been done.
#  Modification time never checked.
#  File has not been updated.

# Not a target:
demo/lib/settings.dart:
#  Implicit rule search has not been done.
#  Modification time never checked.
#  File has not been updated.

all: format
#  Command-line target.
#  Implicit rule search has been done.
#  File does not exist.
#  File has been updated.
#  Needs to be updated (-q is set).
# variable set hash-table stats:
# Load=0/32=0%, Rehash=0, Collisions=0/6=0%

# Not a target:
barcode/test/rm4scc_test.dart:
#  Implicit rule search has not been done.
#  Modification time never checked.
#  File has not been updated.

publish-barcode: format clean
#  Implicit rule search has not been done.
#  Modification time never checked.
#  File has not been updated.
#  commands to execute (from `Makefile', line 66):
	test -z "$(shell git status --porcelain)"
	@find barcode -name pubspec.yaml -exec sed -i -e 's/^dependency_overrides:/_dependency_overrides:/g' '{}' ';'
	cd barcode; $(DART_BIN) pub publish -f
	@find barcode -name pubspec.yaml -exec sed -i -e 's/^_dependency_overrides:/dependency_overrides:/g' '{}' ';'
	git tag $(shell grep version barcode/pubspec.yaml | sed 's/version\s*:\s*/barcode-/g')
	

analyze: analyze-barcode analyze-flutter analyze-image
#  Phony target (prerequisite of .PHONY).
#  Implicit rule search has not been done.
#  File does not exist.
#  File has not been updated.

# Not a target:
barcode/lib/src/barcode.dart:
#  Implicit rule search has not been done.
#  Modification time never checked.
#  File has not been updated.

.PHONY: test format format-dart clean publish analyze
#  Implicit rule search has not been done.
#  Modification time never checked.
#  File has not been updated.

# Not a target:
barcode/lib/src/code39.dart:
#  Implicit rule search has not been done.
#  Modification time never checked.
#  File has not been updated.

test-flutter:
#  Implicit rule search has not been done.
#  Modification time never checked.
#  File has not been updated.
#  commands to execute (from `Makefile', line 54):
	cd flutter; $(FLUTTER_BIN) pub get
	cd flutter; $(FLUTTER_BIN) test --coverage
	mv flutter/coverage/lcov.info lcov-flutter.info
	

# Not a target:
barcode/lib/src/mecard.dart:
#  Implicit rule search has not been done.
#  Modification time never checked.
#  File has not been updated.

# Not a target:
flutter/test/widget_test.dart:
#  Implicit rule search has not been done.
#  Modification time never checked.
#  File has not been updated.

# Not a target:
barcode/lib/src/upce.dart:
#  Implicit rule search has not been done.
#  Modification time never checked.
#  File has not been updated.

analyze-image: .pana
#  Implicit rule search has not been done.
#  Modification time never checked.
#  File has not been updated.
#  commands to execute (from `Makefile', line 102):
	@find image -name pubspec.yaml -exec sed -i -e 's/^dependency_overrides:/_dependency_overrides:/g' '{}' ';'
	@$(DART_BIN) pub global run pana --no-warning --source path image
	@find image -name pubspec.yaml -exec sed -i -e 's/^_dependency_overrides:/dependency_overrides:/g' '{}' ';'
	

barcodes: .coverage
#  Implicit rule search has not been done.
#  Modification time never checked.
#  File has not been updated.
#  commands to execute (from `Makefile', line 120):
	cd barcode; $(DART_BIN) pub global run coverage:collect_coverage --port=$(COV_PORT) -o coverage.json --resume-isolates --wait-paused &\
	$(DART_BIN) --enable-asserts --disable-service-auth-codes --enable-vm-service=$(COV_PORT) --pause-isolates-on-exit example/main.dart
	cd barcode; $(DART_BIN) pub global run coverage:format_coverage --packages=.packages -i coverage.json --report-on lib --lcov --out ../lcov-example.info
	mv -f barcode/*.svg img/
	

# Not a target:
demo/lib/barcode.dart:
#  Implicit rule search has not been done.
#  Modification time never checked.
#  File has not been updated.

# Not a target:
barcode/lib/src/barcode_exception.dart:
#  Implicit rule search has not been done.
#  Modification time never checked.
#  File has not been updated.

flutter/example/.metadata:
#  Implicit rule search has not been done.
#  Modification time never checked.
#  File has not been updated.
#  commands to execute (from `Makefile', line 37):
	cd flutter/example; $(FLUTTER_BIN) create -t app --no-overwrite --org net.nfet --project-name example .
	rm -rf flutter/example/test
	

# Not a target:
demo/lib/generated_plugin_registrant.dart:
#  Implicit rule search has not been done.
#  Modification time never checked.
#  File has not been updated.

gh-pages:
#  Implicit rule search has not been done.
#  Modification time never checked.
#  File has not been updated.
#  commands to execute (from `Makefile', line 135):
	test -z "$(shell git status --porcelain)"
	cd demo; $(FLUTTER_BIN) build web --release --dart-define=FLUTTER_WEB_USE_SKIA=true
	git checkout gh-pages
	cp -rf demo/build/web/* .
	

# Not a target:
.SUFFIXES:
#  Implicit rule search has not been done.
#  Modification time never checked.
#  File has not been updated.

# Not a target:
barcode/test/code128_test.dart:
#  Implicit rule search has not been done.
#  Modification time never checked.
#  File has not been updated.

format: image/lib/src/pubspec.dart demo/.metadata flutter/example/.metadata format-dart
#  Phony target (prerequisite of .PHONY).
#  Implicit rule search has not been done.
#  File does not exist.
#  File has been updated.
#  Needs to be updated (-q is set).
# variable set hash-table stats:
# Load=0/32=0%, Rehash=0, Collisions=0/6=0%

# Not a target:
barcode/lib/src/upca.dart:
#  Implicit rule search has not been done.
#  Modification time never checked.
#  File has not been updated.

# Not a target:
barcode/lib/src/itf16.dart:
#  Implicit rule search has not been done.
#  Modification time never checked.
#  File has not been updated.

# Not a target:
Makefile:
#  Implicit rule search has been done.
#  Last modified 2022-06-06 13:09:11
#  File has been updated.
#  Successfully updated.
# variable set hash-table stats:
# Load=0/32=0%, Rehash=0, Collisions=0/0=0%

# Not a target:
barcode/lib/src/barcode_2d.dart:
#  Implicit rule search has not been done.
#  Modification time never checked.
#  File has not been updated.

# Not a target:
barcode/lib/src/ean.dart:
#  Implicit rule search has not been done.
#  Modification time never checked.
#  File has not been updated.

maps: build_maps.py
#  Implicit rule search has not been done.
#  Modification time never checked.
#  File has not been updated.
#  commands to execute (from `Makefile', line 131):
	python3 build_maps.py > barcode/lib/src/barcode_maps.dart
	dartfmt -w --fix barcode/lib/src/barcode_maps.dart
	

# Not a target:
barcode/lib/src/barcode_maps.dart:
#  Implicit rule search has not been done.
#  Modification time never checked.
#  File has not been updated.

# Not a target:
barcode/test/code93_test.dart:
#  Implicit rule search has not been done.
#  Modification time never checked.
#  File has not been updated.

test: node_modules test-barcode test-image test-flutter barcodes
#  Phony target (prerequisite of .PHONY).
#  Implicit rule search has not been done.
#  File does not exist.
#  File has not been updated.
#  commands to execute (from `Makefile', line 59):
	lcov --add-tracefile lcov-barcode.info -t test1 -a lcov-example.info -t test2 -a lcov-image.info -t test3 -a lcov-flutter.info -t test4 -o lcov.info
	cat lcov.info | node_modules/.bin/lcov-summary
	

 
format-dart: demo/lib/barcode_info.dart demo/lib/barcode.dart demo/lib/barcode_error.dart demo/lib/main.dart demo/lib/generated_plugin_registrant.dart demo/lib/download.dart demo/lib/settings_widgets.dart demo/lib/barcode_conf.dart demo/lib/code.dart demo/lib/settings.dart image/test/image_test.dart image/bin/barcode.dart image/example/main.dart image/lib/barcode_image.dart image/lib/src/barcode.dart image/lib/src/pubspec.dart flutter/test/widget_test.dart flutter/example/lib/main.dart flutter/lib/barcode_widget.dart flutter/lib/src/widget.dart flutter/lib/src/painter.dart barcode/test/code93_test.dart barcode/test/code39_test.dart barcode/test/mecard_test.dart barcode/test/upce_test.dart barcode/test/codabar_test.dart barcode/test/telepen_test.dart barcode/test/golden_utils.dart barcode/test/ean_test.dart barcode/test/itf_test.dart barcode/test/qrcode_test.dart barcode/test/aztec_test.dart barcode/test/generic_test.dart barcode/test/rm4scc_test.dart barcode/test/code128_test.dart barcode/example/main.dart barcode/lib/barcode.dart barcode/lib/src/upce.dart barcode/lib/src/itf16.dart barcode/lib/src/barcode_types.dart barcode/lib/src/rm4scc.dart barcode/lib/src/ean.dart barcode/lib/src/code93.dart barcode/lib/src/barcode_1d.dart barcode/lib/src/aztec.dart barcode/lib/src/barcode_maps.dart barcode/lib/src/qrcode.dart barcode/lib/src/itf.dart barcode/lib/src/datamatrix.dart barcode/lib/src/barcode.dart barcode/lib/src/barcode_exception.dart barcode/lib/src/reedsolomon.dart barcode/lib/src/barcode_2d.dart barcode/lib/src/pdf417_codewords.dart barcode/lib/src/barcode_operations.dart barcode/lib/src/isbn.dart barcode/lib/src/pdf417.dart barcode/lib/src/upca.dart barcode/lib/src/telepen.dart barcode/lib/src/barcode_hm.dart barcode/lib/src/ean13.dart barcode/lib/src/ean2.dart barcode/lib/src/mecard.dart barcode/lib/src/code39.dart barcode/lib/src/code128.dart barcode/lib/src/itf14.dart barcode/lib/src/ean5.dart barcode/lib/src/codabar.dart barcode/lib/src/ean8.dart
#  Phony target (prerequisite of .PHONY).
#  Implicit rule search has not been done.
#  File does not exist.
#  File has not been updated.
#  commands to execute (from `Makefile', line 26):
	$(DART_BIN) format --fix $^
	

# Not a target:
image/lib/src/barcode.dart:
#  Implicit rule search has not been done.
#  Modification time never checked.
#  File has not been updated.

test-image:
#  Implicit rule search has not been done.
#  Modification time never checked.
#  File has not been updated.
#  commands to execute (from `Makefile', line 49):
	cd image; $(DART_BIN) pub get
	cd image; $(DART_BIN) run test --coverage=.coverage
	cd image; $(DART_BIN) pub global run coverage:format_coverage --packages=.packages -i .coverage --report-on lib --lcov --out ../lcov-image.info
	

fix: .dartfix
#  Implicit rule search has not been done.
#  Modification time never checked.
#  File has not been updated.
#  commands to execute (from `Makefile', line 116):
	cd barcode; $(DART_BIN) pub get
	cd barcode; $(DART_BIN) pub global run dartfix --overwrite .
	

# Not a target:
barcode/test/codabar_test.dart:
#  Implicit rule search has not been done.
#  Modification time never checked.
#  File has not been updated.

# Not a target:
barcode/lib/src/ean5.dart:
#  Implicit rule search has not been done.
#  Modification time never checked.
#  File has not been updated.

# Not a target:
barcode/lib/barcode.dart:
#  Implicit rule search has not been done.
#  Modification time never checked.
#  File has not been updated.

# Not a target:
image/bin/barcode.dart:
#  Implicit rule search has not been done.
#  Modification time never checked.
#  File has not been updated.

# Not a target:
demo/lib/main.dart:
#  Implicit rule search has not been done.
#  Modification time never checked.
#  File has not been updated.

# Not a target:
image/test/image_test.dart:
#  Implicit rule search has not been done.
#  Modification time never checked.
#  File has not been updated.

# Not a target:
flutter/lib/barcode_widget.dart:
#  Implicit rule search has not been done.
#  Modification time never checked.
#  File has not been updated.

# Not a target:
demo/lib/barcode_error.dart:
#  Implicit rule search has not been done.
#  Modification time never checked.
#  File has not been updated.

# Not a target:
barcode/test/telepen_test.dart:
#  Implicit rule search has not been done.
#  Modification time never checked.
#  File has not been updated.

publish-flutter: format clean
#  Implicit rule search has not been done.
#  Modification time never checked.
#  File has not been updated.
#  commands to execute (from `Makefile', line 73):
	test -z "$(shell git status --porcelain)"
	@find flutter -name pubspec.yaml -exec sed -i -e 's/^dependency_overrides:/_dependency_overrides:/g' '{}' ';'
	cd flutter; $(DART_BIN) pub publish -f
	@find flutter -name pubspec.yaml -exec sed -i -e 's/^_dependency_overrides:/dependency_overrides:/g' '{}' ';'
	git tag $(shell grep version flutter/pubspec.yaml | sed 's/version\s*:\s*/barcode_widget-/g')
	

# Not a target:
barcode/lib/src/pdf417.dart:
#  Implicit rule search has not been done.
#  Modification time never checked.
#  File has not been updated.

# Not a target:
barcode/test/itf_test.dart:
#  Implicit rule search has not been done.
#  Modification time never checked.
#  File has not been updated.

# Not a target:
barcode/test/aztec_test.dart:
#  Implicit rule search has not been done.
#  Modification time never checked.
#  File has not been updated.

.pana:
#  Implicit rule search has not been done.
#  Modification time never checked.
#  File has not been updated.
#  commands to execute (from `Makefile', line 87):
	$(DART_BIN) pub global activate pana
	touch $@
	

# Not a target:
barcode/lib/src/rm4scc.dart:
#  Implicit rule search has not been done.
#  Modification time never checked.
#  File has not been updated.

# Not a target:
.DEFAULT:
#  Implicit rule search has not been done.
#  Modification time never checked.
#  File has not been updated.

# Not a target:
build_maps.py:
#  Implicit rule search has not been done.
#  Modification time never checked.
#  File has not been updated.

# Not a target:
demo/lib/barcode_info.dart:
#  Implicit rule search has not been done.
#  Modification time never checked.
#  File has not been updated.

# Not a target:
barcode/test/qrcode_test.dart:
#  Implicit rule search has not been done.
#  Modification time never checked.
#  File has not been updated.

analyze-barcode: .pana
#  Implicit rule search has not been done.
#  Modification time never checked.
#  File has not been updated.
#  commands to execute (from `Makefile', line 91):
	@find barcode -name pubspec.yaml -exec sed -i -e 's/^dependency_overrides:/_dependency_overrides:/g' '{}' ';'
	@$(DART_BIN) pub global run pana --no-warning --source path barcode
	@find barcode -name pubspec.yaml -exec sed -i -e 's/^_dependency_overrides:/dependency_overrides:/g' '{}' ';'
	

publish:
#  Phony target (prerequisite of .PHONY).
#  Implicit rule search has not been done.
#  File does not exist.
#  File has not been updated.

# Not a target:
flutter/lib/src/widget.dart:
#  Implicit rule search has not been done.
#  Modification time never checked.
#  File has not been updated.

# Not a target:
barcode/example/main.dart:
#  Implicit rule search has not been done.
#  Modification time never checked.
#  File has not been updated.

# Not a target:
barcode/test/code39_test.dart:
#  Implicit rule search has not been done.
#  Modification time never checked.
#  File has not been updated.

clean:
#  Phony target (prerequisite of .PHONY).
#  Implicit rule search has not been done.
#  File does not exist.
#  File has not been updated.
#  commands to execute (from `Makefile', line 63):
	git clean -fdx -e .vscode
	

publish-image: format clean
#  Implicit rule search has not been done.
#  Modification time never checked.
#  File has not been updated.
#  commands to execute (from `Makefile', line 80):
	test -z "$(shell git status --porcelain)"
	@find image -name pubspec.yaml -exec sed -i -e 's/^dependency_overrides:/_dependency_overrides:/g' '{}' ';'
	cd image; $(DART_BIN) pub publish -f
 
	@find image -name pubspec.yaml -exec sed -i -e 's/^_dependency_overrides:/dependency_overrides:/g' '{}' ';'
	git tag $(shell grep version image/pubspec.yaml | sed 's/version\s*:\s*/barcode_image-/g')
	

.dartfix:
#  Implicit rule search has not been done.
#  Modification time never checked.
#  File has not been updated.
#  commands to execute (from `Makefile', line 112):
	which dartfix || $(DART_BIN) pub global activate dartfix
	touch $@
	

# Not a target:
barcode/test/mecard_test.dart:
#  Implicit rule search has not been done.
#  Modification time never checked.
#  File has not been updated.

# Not a target:
barcode/test/upce_test.dart:
#  Implicit rule search has not been done.
#  Modification time never checked.
#  File has not been updated.

# Not a target:
barcode/lib/src/pdf417_codewords.dart:
#  Implicit rule search has not been done.
#  Modification time never checked.
#  File has not been updated.

# Not a target:
image/lib/barcode_image.dart:
#  Implicit rule search has not been done.
#  Modification time never checked.
#  File has not been updated.

# Not a target:
barcode/lib/src/ean2.dart:
#  Implicit rule search has not been done.
#  Modification time never checked.
#  File has not been updated.

# Not a target:
barcode/lib/src/datamatrix.dart:
#  Implicit rule search has not been done.
#  Modification time never checked.
#  File has not been updated.

# Not a target:
barcode/lib/src/barcode_operations.dart:
#  Implicit rule search has not been done.
#  Modification time never checked.
#  File has not been updated.

# Not a target:
barcode/lib/src/code128.dart:
#  Implicit rule search has not been done.
#  Modification time never checked.
#  File has not been updated.

# Not a target:
flutter/example/lib/main.dart:
#  Implicit rule search has not been done.
#  Modification time never checked.
#  File has not been updated.

# Not a target:
barcode/test/golden_utils.dart:
#  Implicit rule search has not been done.
#  Modification time never checked.
#  File has not been updated.

# Not a target:
barcode/lib/src/ean8.dart:
#  Implicit rule search has not been done.
#  Modification time never checked.
#  File has not been updated.

icons:
#  Implicit rule search has not been done.
#  Modification time never checked.
#  File has not been updated.
#  commands to execute (from `Makefile', line 126):
	$(DART_BIN) image/bin/barcode.dart -t CodeEAN2 -w 16 -h 16 --no-text -o flutter/example/web/favicon.png 42
	$(DART_BIN) image/bin/barcode.dart -t QrCode -w 192 -h 192 --no-text -o flutter/example/web/icons/Icon-192.png Barcode
	$(DART_BIN) image/bin/barcode.dart -t QrCode -w 512 -h 512 --no-text -o flutter/example/web/icons/Icon-512.png https://davbfr.github.io/dart_barcode
	

# Not a target:
barcode/lib/src/code93.dart:
#  Implicit rule search has not been done.
#  Modification time never checked.
#  File has not been updated.

test-barcode: .coverage
#  Implicit rule search has not been done.
#  Modification time never checked.
#  File has not been updated.
#  commands to execute (from `Makefile', line 44):
	cd barcode; $(DART_BIN) pub get
	cd barcode; $(DART_BIN) run test --coverage=.coverage
	cd barcode; $(DART_BIN) pub global run coverage:format_coverage --packages=.packages -i .coverage --report-on lib --lcov --out ../lcov-barcode.info
	

# Not a target:
barcode/test/ean_test.dart:
#  Implicit rule search has not been done.
#  Modification time never checked.
#  File has not been updated.

# Not a target:
flutter/lib/src/painter.dart:
#  Implicit rule search has not been done.
#  Modification time never checked.
#  File has not been updated.

# Not a target:
demo/lib/barcode_conf.dart:
#  Implicit rule search has not been done.
#  Modification time never checked.
#  File has not been updated.

# Not a target:
demo/lib/settings_widgets.dart:
#  Implicit rule search has not been done.
#  Modification time never checked.
#  File has not been updated.

# Not a target:
barcode/lib/src/codabar.dart:
#  Implicit rule search has not been done.
#  Modification time never checked.
#  File has not been updated.

# Not a target:
barcode/lib/src/barcode_hm.dart:
#  Implicit rule search has not been done.
#  Modification time never checked.
#  File has not been updated.

demo/.metadata:
#  Implicit rule search has not been done.
#  Implicit/static pattern stem: `'
#  File does not exist.
#  File has been updated.
#  Needs to be updated (-q is set).
# automatic
# @ := demo/.metadata
# automatic
# % := 
# automatic
# * := 
# automatic
# + := 
# automatic
# | := 
# automatic
# < := 
# automatic
# ^ := 
# automatic
# ? := 
# variable set hash-table stats:
# Load=8/32=25%, Rehash=0, Collisions=1/14=7%
#  commands to execute (from `Makefile', line 33):
	cd demo; $(FLUTTER_BIN) create -t app --no-overwrite --org net.nfet --project-name demo .
	rm -rf demo/test
	

# Not a target:
barcode/lib/src/reedsolomon.dart:
#  Implicit rule search has not been done.
#  Modification time never checked.
#  File has not been updated.

# Not a target:
barcode/lib/src/ean13.dart:
#  Implicit rule search has not been done.
#  Modification time never checked.
#  File has not been updated.

# Not a target:
image/example/main.dart:
#  Implicit rule search has not been done.
#  Modification time never checked.
#  File has not been updated.

# Not a target:
barcode/test/generic_test.dart:
#  Implicit rule search has not been done.
#  Modification time never checked.
#  File has not been updated.

# Not a target:
barcode/lib/src/qrcode.dart:
#  Implicit rule search has not been done.
#  Modification time never checked.
#  File has not been updated.

get:
#  Implicit rule search has not been done.
#  Modification time never checked.
#  File has not been updated.
#  commands to execute (from `Makefile', line 141):
	cd barcode; $(DART_BIN) pub get
	cd flutter; $(FLUTTER_BIN) packages get
	cd image; $(DART_BIN) pub get
	

# Not a target:
demo/lib/code.dart:
#  Implicit rule search has not been done.
#  Modification time never checked.
#  File has not been updated.

# Not a target:
barcode/lib/src/isbn.dart:
#  Implicit rule search has not been done.
#  Modification time never checked.
#  File has not been updated.

# Not a target:
barcode/lib/src/telepen.dart:
#  Implicit rule search has not been done.
#  Modification time never checked.
#  File has not been updated.

# Not a target:
barcode/lib/src/itf14.dart:
#  Implicit rule search has not been done.
#  Modification time never checked.
#  File has not been updated.

analyze-flutter: .pana
#  Implicit rule search has not been done.
#  Modification time never checked.
#  File has not been updated.
#  commands to execute (from `Makefile', line 96):
	@find flutter -name pubspec.yaml -exec sed -i -e 's/^dependency_overrides:/_dependency_overrides:/g' '{}' ';'
	rm -f flutter/pubspec.lock
	@$(FLUTTER_BIN) pub global run pana --no-warning --source path flutter
	@find flutter -name pubspec.yaml -exec sed -i -e 's/^_dependency_overrides:/dependency_overrides:/g' '{}' ';'
	

node_modules:
#  Implicit rule search has not been done.
#  Modification time never checked.
#  File has not been updated.
#  commands to execute (from `Makefile', line 41):
	npm install lcov-summary
	

# files hash-table stats:
# Load=103/1024=10%, Rehash=0, Collisions=8/219=4%
# VPATH Search Paths

# No `vpath' search paths.

# No general (`VPATH' variable) search path.

# # of strings in strcache: 1
# # of strcache buffers: 1
# strcache size: total = 4096 / max = 4096 / min = 4096 / avg = 4096
# strcache free: total = 4087 / max = 4087 / min = 4087 / avg = 4087

# Finished Make data base on Mon Jun  6 14:13:57 2022

 
